<?xml version="1.0" encoding="UTF-8"?>
<testsuites name="Mocha Tests" time="13.269" tests="1" failures="0">
  <testsuite name="Root Suite" timestamp="2025-01-10T07:14:59" tests="0" file="cypress/e2e/test.cy.js" time="0.000" failures="0">
  </testsuite>
  <testsuite name="Login Test" timestamp="2025-01-10T07:14:59" tests="1" time="13.268" failures="0">
    <testcase name="Login Test Should log in with valid credentials" time="10.350" classname="Should log in with valid credentials">
    </testcase>
  </testsuite>
</testsuites>