<?xml version="1.0" encoding="UTF-8"?>
<testsuites name="Mocha Tests" time="6.718" tests="1" failures="0">
  <testsuite name="Root Suite" timestamp="2025-01-10T06:56:36" tests="0" file="cypress/e2e/test.cy.js" time="0.000" failures="0">
  </testsuite>
  <testsuite name="Login Test" timestamp="2025-01-10T06:56:36" tests="1" time="6.717" failures="0">
    <testcase name="Login Test Should log in with valid credentials" time="4.771" classname="Should log in with valid credentials">
    </testcase>
  </testsuite>
</testsuites>